2018-10-09 18:29:32 INFO: [READ] 
2018-10-09 18:29:33 INFO: [READ] 
2018-10-09 18:29:34 INFO: [READ] 
2018-10-09 18:29:34 INFO: NAME : Jordan VALUE : 60 VIEW : 1
2018-10-09 18:29:34 INFO: #########################################
2018-10-09 18:29:34 INFO: [INDEX] 0
2018-10-09 18:29:34 INFO: [NAME] Jordan
2018-10-09 18:29:34 INFO: [VALUE] 60
2018-10-09 18:29:35 INFO: [READ] 
2018-10-09 18:29:36 INFO: [READ] 
2018-10-09 18:29:37 INFO: [READ] 
2018-10-09 18:29:38 INFO: [READ] 
2018-10-09 18:29:39 INFO: [READ] 
2018-10-09 18:29:40 INFO: [READ] 
2018-10-09 18:29:41 INFO: [READ] 
2018-10-09 18:29:42 INFO: [READ] 
2018-10-09 18:29:43 INFO: [READ] 
2018-10-09 18:29:43 INFO: NAME : Sam VALUE : 10 VIEW : 1
2018-10-09 18:29:43 INFO: #########################################
2018-10-09 18:29:43 INFO: [INDEX] 1
2018-10-09 18:29:43 INFO: [NAME] Sam
2018-10-09 18:29:43 INFO: [VALUE] 10
2018-10-09 18:29:44 INFO: [READ] 
2018-10-09 18:29:45 INFO: [READ] 
2018-10-09 18:29:46 INFO: [READ] 
2018-10-09 18:29:47 INFO: [READ] 
2018-10-09 18:29:48 INFO: [READ] 
2018-10-09 18:29:49 INFO: [READ] 
2018-10-09 18:29:50 INFO: [READ] 
2018-10-09 18:29:51 INFO: NAME : Wendy VALUE : 90 VIEW : 1
2018-10-09 18:29:51 INFO: #########################################
2018-10-09 18:29:51 INFO: [INDEX] 0
2018-10-09 18:29:51 INFO: [NAME] Wendy
2018-10-09 18:29:51 INFO: [VALUE] 90
2018-10-09 18:29:52 INFO: [READ] 
2018-10-09 18:29:53 INFO: [READ] 
2018-10-09 18:29:54 INFO: [READ] 
2018-10-09 18:29:55 INFO: [READ] 
2018-10-09 18:29:56 INFO: [READ] 
2018-10-09 18:29:57 INFO: [READ] 
2018-10-09 18:29:57 ERROR: fail battery
2018-10-09 18:29:58 INFO: [READ] 
2018-10-09 18:29:59 INFO: [READ] 
2018-10-09 18:30:00 INFO: [READ] 
2018-10-09 18:30:01 INFO: [READ] 
