2018-10-17 17:14:57 INFO: charge_server start
2018-10-17 17:15:01 INFO: NAME : Wendy
2018-10-17 17:15:01 INFO: #########################################
2018-10-17 17:15:01 INFO: [INDEX] 0
2018-10-17 17:15:01 INFO: [NAME] Wendy
2018-10-17 17:15:01 INFO: [VALUE] 90
2018-10-17 17:15:02 INFO: door open
2018-10-17 17:15:02 INFO: #1 quick charging...
2018-10-17 17:15:03 INFO: door open
2018-10-17 17:15:03 INFO: #1 quick charging...
2018-10-17 17:15:04 INFO: door open
2018-10-17 17:15:04 INFO: #1 quick charging...
2018-10-17 17:15:05 INFO: door open
2018-10-17 17:15:05 INFO: #1 quick charging...
2018-10-17 17:15:06 INFO: door open
2018-10-17 17:15:06 INFO: #1 quick charging...
2018-10-17 17:15:06 INFO: NAME : Wendy
2018-10-17 17:15:06 INFO: #########################################
2018-10-17 17:15:06 INFO: [INDEX] 0
2018-10-17 17:15:06 INFO: [NAME] Wendy
2018-10-17 17:15:06 INFO: [VALUE] 90
2018-10-17 17:15:07 INFO: door open
2018-10-17 17:15:07 INFO: #1 quick charging...
