2018-10-17 17:22:30 INFO: charge_server start
2018-10-17 17:22:30 INFO: NAME : Wendy
2018-10-17 17:22:30 INFO: #########################################
2018-10-17 17:22:30 INFO: [INDEX] 0
2018-10-17 17:22:30 INFO: [NAME] Wendy
2018-10-17 17:22:30 INFO: [VALUE] 90
2018-10-17 17:22:31 INFO: door open
2018-10-17 17:22:31 INFO: #1 quick charging...
2018-10-17 17:22:32 INFO: door open
2018-10-17 17:22:32 INFO: #1 quick charging...
2018-10-17 17:22:33 INFO: door open
2018-10-17 17:22:33 INFO: #1 quick charging...
2018-10-17 17:22:34 INFO: door open
2018-10-17 17:22:34 INFO: #1 quick charging...
2018-10-17 17:22:35 INFO: door open
2018-10-17 17:22:35 INFO: #1 quick charging...
2018-10-17 17:22:35 INFO: NAME : Wendy
2018-10-17 17:22:35 INFO: #########################################
2018-10-17 17:22:35 INFO: [INDEX] 0
2018-10-17 17:22:35 INFO: [NAME] Wendy
2018-10-17 17:22:35 INFO: [VALUE] 90
2018-10-17 17:22:36 INFO: door open
2018-10-17 17:22:36 INFO: #1 quick charging...
