2018-10-17 10:13:04 INFO: charge_server start
2018-10-17 10:13:05 INFO: NAME : Sam
2018-10-17 10:13:05 INFO: #########################################
2018-10-17 10:13:05 INFO: [INDEX] 0
2018-10-17 10:13:05 INFO: [NAME] Sam
2018-10-17 10:13:05 INFO: [VALUE] 10
2018-10-17 10:13:05 INFO: door open
2018-10-17 10:13:05 INFO: #1 quick charging...
2018-10-17 10:13:06 INFO: door open
2018-10-17 10:13:06 INFO: #1 quick charging...
2018-10-17 10:13:07 INFO: door open
2018-10-17 10:13:07 INFO: #1 quick charging...
2018-10-17 10:13:08 INFO: door open
2018-10-17 10:13:08 INFO: #1 quick charging...
2018-10-17 10:13:09 INFO: door open
2018-10-17 10:13:09 INFO: #1 quick charging...
2018-10-17 10:13:09 INFO: NAME : Sam
2018-10-17 10:13:09 INFO: #########################################
2018-10-17 10:13:09 INFO: [INDEX] 0
2018-10-17 10:13:09 INFO: [NAME] Sam
2018-10-17 10:13:09 INFO: [VALUE] 10
2018-10-17 10:13:10 INFO: door open
2018-10-17 10:13:10 INFO: #1 quick charging...
2018-10-17 10:13:11 INFO: door open
2018-10-17 10:13:11 INFO: #1 quick charging...
2018-10-17 10:13:19 INFO: NAME : Sam
2018-10-17 10:13:19 INFO: #########################################
2018-10-17 10:13:19 INFO: [INDEX] 0
2018-10-17 10:13:19 INFO: [NAME] Sam
2018-10-17 10:13:19 INFO: [VALUE] 10
2018-10-17 10:13:19 INFO: door open
2018-10-17 10:13:19 INFO: #1 quick charging...
2018-10-17 10:13:20 INFO: door open
2018-10-17 10:13:20 INFO: #1 quick charging...
2018-10-17 10:13:21 INFO: door open
2018-10-17 10:13:21 INFO: #1 quick charging...
2018-10-17 10:13:22 INFO: door open
2018-10-17 10:13:22 INFO: #1 quick charging...
2018-10-17 10:13:23 INFO: door open
2018-10-17 10:13:23 INFO: #1 quick charging...
2018-10-17 10:13:23 INFO: NAME : Sam
2018-10-17 10:13:23 INFO: #########################################
2018-10-17 10:13:23 INFO: [INDEX] 0
2018-10-17 10:13:23 INFO: [NAME] Sam
2018-10-17 10:13:23 INFO: [VALUE] 10
2018-10-17 10:13:24 INFO: door open
2018-10-17 10:13:24 INFO: #1 quick charging...
2018-10-17 10:13:25 INFO: door open
2018-10-17 10:13:25 INFO: #1 quick charging...
2018-10-17 10:13:26 INFO: door open
2018-10-17 10:13:26 INFO: #1 quick charging...
2018-10-17 10:13:27 INFO: door open
2018-10-17 10:13:27 INFO: #1 quick charging...
2018-10-17 10:13:28 INFO: NAME : Sam
2018-10-17 10:13:28 INFO: #########################################
2018-10-17 10:13:28 INFO: [INDEX] 0
2018-10-17 10:13:28 INFO: [NAME] Sam
2018-10-17 10:13:28 INFO: [VALUE] 10
2018-10-17 10:13:28 INFO: door open
2018-10-17 10:13:28 INFO: #1 quick charging...
2018-10-17 10:13:29 INFO: door open
2018-10-17 10:13:29 INFO: #1 quick charging...
2018-10-17 10:13:30 INFO: door open
2018-10-17 10:13:30 INFO: #1 quick charging...
2018-10-17 10:13:31 INFO: door open
2018-10-17 10:13:31 INFO: #1 quick charging...
2018-10-17 10:13:32 INFO: door open
2018-10-17 10:13:32 INFO: #1 quick charging...
2018-10-17 10:13:33 INFO: NAME : Sam
2018-10-17 10:13:33 INFO: #########################################
2018-10-17 10:13:33 INFO: [INDEX] 0
2018-10-17 10:13:33 INFO: [NAME] Sam
2018-10-17 10:13:33 INFO: [VALUE] 10
2018-10-17 10:13:33 INFO: door open
2018-10-17 10:13:33 INFO: #1 quick charging...
2018-10-17 10:13:34 INFO: door open
2018-10-17 10:13:34 INFO: #1 quick charging...
2018-10-17 10:13:35 INFO: door open
2018-10-17 10:13:35 INFO: #1 quick charging...
2018-10-17 10:13:36 INFO: door open
2018-10-17 10:13:36 INFO: #1 quick charging...
2018-10-17 10:13:37 INFO: NAME : Sam
2018-10-17 10:13:37 INFO: #########################################
2018-10-17 10:13:37 INFO: [INDEX] 0
2018-10-17 10:13:37 INFO: [NAME] Sam
2018-10-17 10:13:37 INFO: [VALUE] 10
2018-10-17 10:13:37 INFO: door open
2018-10-17 10:13:37 INFO: #1 quick charging...
2018-10-17 10:13:38 INFO: door open
2018-10-17 10:13:38 INFO: #1 quick charging...
2018-10-17 10:13:39 INFO: door open
2018-10-17 10:13:39 INFO: #1 quick charging...
2018-10-17 10:13:40 INFO: door open
2018-10-17 10:13:40 INFO: #1 quick charging...
2018-10-17 10:13:41 INFO: door open
2018-10-17 10:13:41 INFO: #1 quick charging...
2018-10-17 10:13:42 INFO: NAME : Sam
2018-10-17 10:13:42 INFO: #########################################
2018-10-17 10:13:42 INFO: [INDEX] 0
2018-10-17 10:13:42 INFO: [NAME] Sam
2018-10-17 10:13:42 INFO: [VALUE] 10
2018-10-17 10:13:42 INFO: door open
2018-10-17 10:13:42 INFO: #1 quick charging...
2018-10-17 10:13:43 INFO: door open
2018-10-17 10:13:43 INFO: #1 quick charging...
2018-10-17 10:13:44 INFO: door open
2018-10-17 10:13:44 INFO: #1 quick charging...
2018-10-17 10:13:45 INFO: door open
2018-10-17 10:13:45 INFO: #1 quick charging...
2018-10-17 10:13:46 INFO: NAME : Sam
2018-10-17 10:13:46 INFO: #########################################
2018-10-17 10:13:46 INFO: [INDEX] 0
2018-10-17 10:13:46 INFO: [NAME] Sam
2018-10-17 10:13:46 INFO: [VALUE] 10
2018-10-17 10:13:46 INFO: door open
2018-10-17 10:13:46 INFO: #1 quick charging...
2018-10-17 10:13:47 INFO: door open
2018-10-17 10:13:47 INFO: #1 quick charging...
