2018-10-17 17:34:45 INFO: charge_server start
2018-10-17 17:34:45 INFO: NAME : Wendy
2018-10-17 17:34:45 INFO: #########################################
2018-10-17 17:34:45 INFO: [INDEX] 0
2018-10-17 17:34:45 INFO: [NAME] Wendy
2018-10-17 17:34:45 INFO: [VALUE] 90
2018-10-17 17:34:46 INFO: door open
2018-10-17 17:34:46 INFO: #1 quick charging...
2018-10-17 17:34:47 INFO: door open
2018-10-17 17:34:47 INFO: #1 quick charging...
2018-10-17 17:34:48 INFO: door open
2018-10-17 17:34:48 INFO: #1 quick charging...
2018-10-17 17:34:51 INFO: door open
2018-10-17 17:34:51 INFO: #1 quick charging...
2018-10-17 17:34:52 INFO: NAME : Wendy
2018-10-17 17:34:52 ERROR: FUNC[battery] Type Error...
2018-10-17 17:34:52 INFO: door open
2018-10-17 17:34:52 INFO: #1 quick charging...
2018-10-17 17:34:53 INFO: door open
2018-10-17 17:34:53 INFO: #1 quick charging...
2018-10-17 17:34:54 INFO: door open
2018-10-17 17:34:54 INFO: #1 quick charging...
