2018-10-17 17:18:50 INFO: charge_server start
2018-10-17 17:18:51 INFO: NAME : Wendy
2018-10-17 17:18:51 INFO: #########################################
2018-10-17 17:18:51 INFO: [INDEX] 0
2018-10-17 17:18:51 INFO: [NAME] Wendy
2018-10-17 17:18:51 INFO: [VALUE] 90
2018-10-17 17:18:51 INFO: door open
2018-10-17 17:18:51 INFO: #1 quick charging...
2018-10-17 17:18:52 INFO: door open
2018-10-17 17:18:52 INFO: #1 quick charging...
2018-10-17 17:18:53 INFO: door open
2018-10-17 17:18:53 INFO: #1 quick charging...
2018-10-17 17:18:54 INFO: door open
2018-10-17 17:18:54 INFO: #1 quick charging...
2018-10-17 17:18:55 INFO: door open
2018-10-17 17:18:55 INFO: #1 quick charging...
2018-10-17 17:18:56 INFO: NAME : Wendy
2018-10-17 17:18:56 INFO: #########################################
2018-10-17 17:18:56 INFO: [INDEX] 0
2018-10-17 17:18:56 INFO: [NAME] Wendy
2018-10-17 17:18:56 INFO: [VALUE] 90
